<?xml version="1.0" encoding="UTF-8"?>
<!-- Generated by org.testng.reporters.JUnitReportReporter -->
<testsuite hostname="EVT-0026" failures="0" tests="1" name="BETA.NewTest" time="1.235" errors="0" timestamp="2019-10-30T12:14:32 BRT" skipped="0">
  <testcase classname="BETA.NewTest" name="f" time="1.235"/>
</testsuite> <!-- BETA.NewTest -->
