<?xml version="1.0" encoding="UTF-8"?>
<!-- Generated by org.testng.reporters.JUnitReportReporter -->
<testsuite hostname="nbbnu005104" failures="0" tests="1" name="teste.ApiTestsTemplate" time="1.153" errors="0" timestamp="2019-09-19T18:26:18 BRT" skipped="0">
  <testcase classname="teste.ApiTestsTemplate" name="test000" time="1.153"/>
</testsuite> <!-- teste.ApiTestsTemplate -->
