<?xml version="1.0" encoding="UTF-8"?>
<!-- Generated by org.testng.reporters.JUnitReportReporter -->
<testsuite hostname="nbbnu005104" failures="0" tests="1" name="test.beta" time="0.120" errors="0" timestamp="2019-09-24T10:18:13 BRT" skipped="0">
  <testcase classname="test.beta" name="Test" time="0.120"/>
</testsuite> <!-- test.beta -->
