<?xml version="1.0" encoding="UTF-8"?>
<!-- Generated by org.testng.reporters.JUnitReportReporter -->
<testsuite hostname="nbbnu005104" failures="0" tests="1" name="senior.quimera.api.Teste" time="0.306" errors="0" timestamp="2019-09-17T13:18:46 BRT" skipped="0">
  <testcase classname="senior.quimera.api.Teste" name="f" time="0.306"/>
</testsuite> <!-- senior.quimera.api.Teste -->
